Server is running on port 8088.
Server is running on port 8088.
error:  { Error: ER_NOT_SUPPORTED_AUTH_MODE: Client does not support authentication protocol requested by server; consider upgrading MySQL client
    at Handshake.Sequence._packetToError (/var/www/html/e-invoice/node_modules/mysql/lib/protocol/sequences/Sequence.js:47:14)
    at Handshake.ErrorPacket (/var/www/html/e-invoice/node_modules/mysql/lib/protocol/sequences/Handshake.js:123:18)
    at Protocol._parsePacket (/var/www/html/e-invoice/node_modules/mysql/lib/protocol/Protocol.js:291:23)
    at Parser._parsePacket (/var/www/html/e-invoice/node_modules/mysql/lib/protocol/Parser.js:433:10)
    at Parser.write (/var/www/html/e-invoice/node_modules/mysql/lib/protocol/Parser.js:43:10)
    at Protocol.write (/var/www/html/e-invoice/node_modules/mysql/lib/protocol/Protocol.js:38:16)
    at Socket.<anonymous> (/var/www/html/e-invoice/node_modules/mysql/lib/Connection.js:88:28)
    at Socket.<anonymous> (/var/www/html/e-invoice/node_modules/mysql/lib/Connection.js:526:10)
    at emitOne (events.js:116:13)
    at Socket.emit (events.js:211:7)
    --------------------
    at Protocol._enqueue (/var/www/html/e-invoice/node_modules/mysql/lib/protocol/Protocol.js:144:48)
    at Protocol.handshake (/var/www/html/e-invoice/node_modules/mysql/lib/protocol/Protocol.js:51:23)
    at PoolConnection.connect (/var/www/html/e-invoice/node_modules/mysql/lib/Connection.js:116:18)
    at Pool.getConnection (/var/www/html/e-invoice/node_modules/mysql/lib/Pool.js:48:16)
    at Pool.query (/var/www/html/e-invoice/node_modules/mysql/lib/Pool.js:202:8)
    at Function.Commpany.get (/var/www/html/e-invoice/app/models/getCompanyModel.js:18:9)
    at exports.findAll (/var/www/html/e-invoice/app/controllers/getCompany.js:13:16)
    at Layer.handle [as handle_request] (/var/www/html/e-invoice/node_modules/express/lib/router/layer.js:95:5)
    at next (/var/www/html/e-invoice/node_modules/express/lib/router/route.js:144:13)
    at Route.dispatch (/var/www/html/e-invoice/node_modules/express/lib/router/route.js:114:3)
  code: 'ER_NOT_SUPPORTED_AUTH_MODE',
  errno: 1251,
  sqlMessage: 'Client does not support authentication protocol requested by server; consider upgrading MySQL client',
  sqlState: '08004',
  fatal: true }
error:  { Error: ER_NOT_SUPPORTED_AUTH_MODE: Client does not support authentication protocol requested by server; consider upgrading MySQL client
    at Handshake.Sequence._packetToError (/var/www/html/e-invoice/node_modules/mysql/lib/protocol/sequences/Sequence.js:47:14)
    at Handshake.ErrorPacket (/var/www/html/e-invoice/node_modules/mysql/lib/protocol/sequences/Handshake.js:123:18)
    at Protocol._parsePacket (/var/www/html/e-invoice/node_modules/mysql/lib/protocol/Protocol.js:291:23)
    at Parser._parsePacket (/var/www/html/e-invoice/node_modules/mysql/lib/protocol/Parser.js:433:10)
    at Parser.write (/var/www/html/e-invoice/node_modules/mysql/lib/protocol/Parser.js:43:10)
    at Protocol.write (/var/www/html/e-invoice/node_modules/mysql/lib/protocol/Protocol.js:38:16)
    at Socket.<anonymous> (/var/www/html/e-invoice/node_modules/mysql/lib/Connection.js:88:28)
    at Socket.<anonymous> (/var/www/html/e-invoice/node_modules/mysql/lib/Connection.js:526:10)
    at emitOne (events.js:116:13)
    at Socket.emit (events.js:211:7)
    --------------------
    at Protocol._enqueue (/var/www/html/e-invoice/node_modules/mysql/lib/protocol/Protocol.js:144:48)
    at Protocol.handshake (/var/www/html/e-invoice/node_modules/mysql/lib/protocol/Protocol.js:51:23)
    at PoolConnection.connect (/var/www/html/e-invoice/node_modules/mysql/lib/Connection.js:116:18)
    at Pool.getConnection (/var/www/html/e-invoice/node_modules/mysql/lib/Pool.js:48:16)
    at Pool.query (/var/www/html/e-invoice/node_modules/mysql/lib/Pool.js:202:8)
    at Function.Commpany.get (/var/www/html/e-invoice/app/models/getCompanyModel.js:18:9)
    at exports.findAll (/var/www/html/e-invoice/app/controllers/getCompany.js:13:16)
    at Layer.handle [as handle_request] (/var/www/html/e-invoice/node_modules/express/lib/router/layer.js:95:5)
    at next (/var/www/html/e-invoice/node_modules/express/lib/router/route.js:144:13)
    at Route.dispatch (/var/www/html/e-invoice/node_modules/express/lib/router/route.js:114:3)
  code: 'ER_NOT_SUPPORTED_AUTH_MODE',
  errno: 1251,
  sqlMessage: 'Client does not support authentication protocol requested by server; consider upgrading MySQL client',
  sqlState: '08004',
  fatal: true }
error:  { Error: ER_NOT_SUPPORTED_AUTH_MODE: Client does not support authentication protocol requested by server; consider upgrading MySQL client
    at Handshake.Sequence._packetToError (/var/www/html/e-invoice/node_modules/mysql/lib/protocol/sequences/Sequence.js:47:14)
    at Handshake.ErrorPacket (/var/www/html/e-invoice/node_modules/mysql/lib/protocol/sequences/Handshake.js:123:18)
    at Protocol._parsePacket (/var/www/html/e-invoice/node_modules/mysql/lib/protocol/Protocol.js:291:23)
    at Parser._parsePacket (/var/www/html/e-invoice/node_modules/mysql/lib/protocol/Parser.js:433:10)
    at Parser.write (/var/www/html/e-invoice/node_modules/mysql/lib/protocol/Parser.js:43:10)
    at Protocol.write (/var/www/html/e-invoice/node_modules/mysql/lib/protocol/Protocol.js:38:16)
    at Socket.<anonymous> (/var/www/html/e-invoice/node_modules/mysql/lib/Connection.js:88:28)
    at Socket.<anonymous> (/var/www/html/e-invoice/node_modules/mysql/lib/Connection.js:526:10)
    at emitOne (events.js:116:13)
    at Socket.emit (events.js:211:7)
    --------------------
    at Protocol._enqueue (/var/www/html/e-invoice/node_modules/mysql/lib/protocol/Protocol.js:144:48)
    at Protocol.handshake (/var/www/html/e-invoice/node_modules/mysql/lib/protocol/Protocol.js:51:23)
    at PoolConnection.connect (/var/www/html/e-invoice/node_modules/mysql/lib/Connection.js:116:18)
    at Pool.getConnection (/var/www/html/e-invoice/node_modules/mysql/lib/Pool.js:48:16)
    at Pool.query (/var/www/html/e-invoice/node_modules/mysql/lib/Pool.js:202:8)
    at Function.Commpany.get (/var/www/html/e-invoice/app/models/getCompanyModel.js:18:9)
    at exports.findAll (/var/www/html/e-invoice/app/controllers/getCompany.js:13:16)
    at Layer.handle [as handle_request] (/var/www/html/e-invoice/node_modules/express/lib/router/layer.js:95:5)
    at next (/var/www/html/e-invoice/node_modules/express/lib/router/route.js:144:13)
    at Route.dispatch (/var/www/html/e-invoice/node_modules/express/lib/router/route.js:114:3)
  code: 'ER_NOT_SUPPORTED_AUTH_MODE',
  errno: 1251,
  sqlMessage: 'Client does not support authentication protocol requested by server; consider upgrading MySQL client',
  sqlState: '08004',
  fatal: true }
error:  { Error: ER_NOT_SUPPORTED_AUTH_MODE: Client does not support authentication protocol requested by server; consider upgrading MySQL client
    at Handshake.Sequence._packetToError (/var/www/html/e-invoice/node_modules/mysql/lib/protocol/sequences/Sequence.js:47:14)
    at Handshake.ErrorPacket (/var/www/html/e-invoice/node_modules/mysql/lib/protocol/sequences/Handshake.js:123:18)
    at Protocol._parsePacket (/var/www/html/e-invoice/node_modules/mysql/lib/protocol/Protocol.js:291:23)
    at Parser._parsePacket (/var/www/html/e-invoice/node_modules/mysql/lib/protocol/Parser.js:433:10)
    at Parser.write (/var/www/html/e-invoice/node_modules/mysql/lib/protocol/Parser.js:43:10)
    at Protocol.write (/var/www/html/e-invoice/node_modules/mysql/lib/protocol/Protocol.js:38:16)
    at Socket.<anonymous> (/var/www/html/e-invoice/node_modules/mysql/lib/Connection.js:88:28)
    at Socket.<anonymous> (/var/www/html/e-invoice/node_modules/mysql/lib/Connection.js:526:10)
    at emitOne (events.js:116:13)
    at Socket.emit (events.js:211:7)
    --------------------
    at Protocol._enqueue (/var/www/html/e-invoice/node_modules/mysql/lib/protocol/Protocol.js:144:48)
    at Protocol.handshake (/var/www/html/e-invoice/node_modules/mysql/lib/protocol/Protocol.js:51:23)
    at PoolConnection.connect (/var/www/html/e-invoice/node_modules/mysql/lib/Connection.js:116:18)
    at Pool.getConnection (/var/www/html/e-invoice/node_modules/mysql/lib/Pool.js:48:16)
    at Pool.query (/var/www/html/e-invoice/node_modules/mysql/lib/Pool.js:202:8)
    at Function.Commpany.get (/var/www/html/e-invoice/app/models/getCompanyModel.js:18:9)
    at exports.findAll (/var/www/html/e-invoice/app/controllers/getCompany.js:13:16)
    at Layer.handle [as handle_request] (/var/www/html/e-invoice/node_modules/express/lib/router/layer.js:95:5)
    at next (/var/www/html/e-invoice/node_modules/express/lib/router/route.js:144:13)
    at Route.dispatch (/var/www/html/e-invoice/node_modules/express/lib/router/route.js:114:3)
  code: 'ER_NOT_SUPPORTED_AUTH_MODE',
  errno: 1251,
  sqlMessage: 'Client does not support authentication protocol requested by server; consider upgrading MySQL client',
  sqlState: '08004',
  fatal: true }
error:  { Error: ER_NOT_SUPPORTED_AUTH_MODE: Client does not support authentication protocol requested by server; consider upgrading MySQL client
    at Handshake.Sequence._packetToError (/var/www/html/e-invoice/node_modules/mysql/lib/protocol/sequences/Sequence.js:47:14)
    at Handshake.ErrorPacket (/var/www/html/e-invoice/node_modules/mysql/lib/protocol/sequences/Handshake.js:123:18)
    at Protocol._parsePacket (/var/www/html/e-invoice/node_modules/mysql/lib/protocol/Protocol.js:291:23)
    at Parser._parsePacket (/var/www/html/e-invoice/node_modules/mysql/lib/protocol/Parser.js:433:10)
    at Parser.write (/var/www/html/e-invoice/node_modules/mysql/lib/protocol/Parser.js:43:10)
    at Protocol.write (/var/www/html/e-invoice/node_modules/mysql/lib/protocol/Protocol.js:38:16)
    at Socket.<anonymous> (/var/www/html/e-invoice/node_modules/mysql/lib/Connection.js:88:28)
    at Socket.<anonymous> (/var/www/html/e-invoice/node_modules/mysql/lib/Connection.js:526:10)
    at emitOne (events.js:116:13)
    at Socket.emit (events.js:211:7)
    --------------------
    at Protocol._enqueue (/var/www/html/e-invoice/node_modules/mysql/lib/protocol/Protocol.js:144:48)
    at Protocol.handshake (/var/www/html/e-invoice/node_modules/mysql/lib/protocol/Protocol.js:51:23)
    at PoolConnection.connect (/var/www/html/e-invoice/node_modules/mysql/lib/Connection.js:116:18)
    at Pool.getConnection (/var/www/html/e-invoice/node_modules/mysql/lib/Pool.js:48:16)
    at Pool.query (/var/www/html/e-invoice/node_modules/mysql/lib/Pool.js:202:8)
    at Function.Commpany.get (/var/www/html/e-invoice/app/models/getCompanyModel.js:18:9)
    at exports.findAll (/var/www/html/e-invoice/app/controllers/getCompany.js:13:16)
    at Layer.handle [as handle_request] (/var/www/html/e-invoice/node_modules/express/lib/router/layer.js:95:5)
    at next (/var/www/html/e-invoice/node_modules/express/lib/router/route.js:144:13)
    at Route.dispatch (/var/www/html/e-invoice/node_modules/express/lib/router/route.js:114:3)
  code: 'ER_NOT_SUPPORTED_AUTH_MODE',
  errno: 1251,
  sqlMessage: 'Client does not support authentication protocol requested by server; consider upgrading MySQL client',
  sqlState: '08004',
  fatal: true }
error:  { Error: ER_NOT_SUPPORTED_AUTH_MODE: Client does not support authentication protocol requested by server; consider upgrading MySQL client
    at Handshake.Sequence._packetToError (/var/www/html/e-invoice/node_modules/mysql/lib/protocol/sequences/Sequence.js:47:14)
    at Handshake.ErrorPacket (/var/www/html/e-invoice/node_modules/mysql/lib/protocol/sequences/Handshake.js:123:18)
    at Protocol._parsePacket (/var/www/html/e-invoice/node_modules/mysql/lib/protocol/Protocol.js:291:23)
    at Parser._parsePacket (/var/www/html/e-invoice/node_modules/mysql/lib/protocol/Parser.js:433:10)
    at Parser.write (/var/www/html/e-invoice/node_modules/mysql/lib/protocol/Parser.js:43:10)
    at Protocol.write (/var/www/html/e-invoice/node_modules/mysql/lib/protocol/Protocol.js:38:16)
    at Socket.<anonymous> (/var/www/html/e-invoice/node_modules/mysql/lib/Connection.js:88:28)
    at Socket.<anonymous> (/var/www/html/e-invoice/node_modules/mysql/lib/Connection.js:526:10)
    at emitOne (events.js:116:13)
    at Socket.emit (events.js:211:7)
    --------------------
    at Protocol._enqueue (/var/www/html/e-invoice/node_modules/mysql/lib/protocol/Protocol.js:144:48)
    at Protocol.handshake (/var/www/html/e-invoice/node_modules/mysql/lib/protocol/Protocol.js:51:23)
    at PoolConnection.connect (/var/www/html/e-invoice/node_modules/mysql/lib/Connection.js:116:18)
    at Pool.getConnection (/var/www/html/e-invoice/node_modules/mysql/lib/Pool.js:48:16)
    at Pool.query (/var/www/html/e-invoice/node_modules/mysql/lib/Pool.js:202:8)
    at Function.Commpany.get (/var/www/html/e-invoice/app/models/getCompanyModel.js:18:9)
    at exports.findAll (/var/www/html/e-invoice/app/controllers/getCompany.js:13:16)
    at Layer.handle [as handle_request] (/var/www/html/e-invoice/node_modules/express/lib/router/layer.js:95:5)
    at next (/var/www/html/e-invoice/node_modules/express/lib/router/route.js:144:13)
    at Route.dispatch (/var/www/html/e-invoice/node_modules/express/lib/router/route.js:114:3)
  code: 'ER_NOT_SUPPORTED_AUTH_MODE',
  errno: 1251,
  sqlMessage: 'Client does not support authentication protocol requested by server; consider upgrading MySQL client',
  sqlState: '08004',
  fatal: true }
error:  { Error: ER_NOT_SUPPORTED_AUTH_MODE: Client does not support authentication protocol requested by server; consider upgrading MySQL client
    at Handshake.Sequence._packetToError (/var/www/html/e-invoice/node_modules/mysql/lib/protocol/sequences/Sequence.js:47:14)
    at Handshake.ErrorPacket (/var/www/html/e-invoice/node_modules/mysql/lib/protocol/sequences/Handshake.js:123:18)
    at Protocol._parsePacket (/var/www/html/e-invoice/node_modules/mysql/lib/protocol/Protocol.js:291:23)
    at Parser._parsePacket (/var/www/html/e-invoice/node_modules/mysql/lib/protocol/Parser.js:433:10)
    at Parser.write (/var/www/html/e-invoice/node_modules/mysql/lib/protocol/Parser.js:43:10)
    at Protocol.write (/var/www/html/e-invoice/node_modules/mysql/lib/protocol/Protocol.js:38:16)
    at Socket.<anonymous> (/var/www/html/e-invoice/node_modules/mysql/lib/Connection.js:88:28)
    at Socket.<anonymous> (/var/www/html/e-invoice/node_modules/mysql/lib/Connection.js:526:10)
    at emitOne (events.js:116:13)
    at Socket.emit (events.js:211:7)
    --------------------
    at Protocol._enqueue (/var/www/html/e-invoice/node_modules/mysql/lib/protocol/Protocol.js:144:48)
    at Protocol.handshake (/var/www/html/e-invoice/node_modules/mysql/lib/protocol/Protocol.js:51:23)
    at PoolConnection.connect (/var/www/html/e-invoice/node_modules/mysql/lib/Connection.js:116:18)
    at Pool.getConnection (/var/www/html/e-invoice/node_modules/mysql/lib/Pool.js:48:16)
    at Pool.query (/var/www/html/e-invoice/node_modules/mysql/lib/Pool.js:202:8)
    at Function.Commpany.get (/var/www/html/e-invoice/app/models/getCompanyModel.js:18:9)
    at exports.findAll (/var/www/html/e-invoice/app/controllers/getCompany.js:13:16)
    at Layer.handle [as handle_request] (/var/www/html/e-invoice/node_modules/express/lib/router/layer.js:95:5)
    at next (/var/www/html/e-invoice/node_modules/express/lib/router/route.js:144:13)
    at Route.dispatch (/var/www/html/e-invoice/node_modules/express/lib/router/route.js:114:3)
  code: 'ER_NOT_SUPPORTED_AUTH_MODE',
  errno: 1251,
  sqlMessage: 'Client does not support authentication protocol requested by server; consider upgrading MySQL client',
  sqlState: '08004',
  fatal: true }
